<?xml version="1.0" encoding="UTF-8"?>
<!-- Generated by org.testng.reporters.JUnitReportReporter -->
<testsuite hostname="LAPTOP-HEJ0EPD2" failures="0" tests="2" name="com.amazon.qa.testcases.LoginPageTest" time="15.130" errors="0" timestamp="24 Feb. 2020 19:41:55 GMT" skipped="0">
  <testcase classname="com.amazon.qa.testcases.LoginPageTest" name="loginToAmazonTest" time="9.020"/>
  <testcase classname="com.amazon.qa.testcases.LoginPageTest" name="loginPageTitleTest" time="6.110"/>
</testsuite> <!-- com.amazon.qa.testcases.LoginPageTest -->
